WeMap-Flutter-SDK-master/example/build/app/intermediates/manifest_merge_blame_file/debug/manifest-merger-blame-debug-report.txt
1<?xml version="1.0" encoding="utf-8"?>
2<manifest xmlns:android="http://schemas.android.com/apk/res/android"
3    package="asia.wemap.wemapgl.test"
4    android:versionCode="1"
5    android:versionName="1.0.0" >
6
7    <uses-sdk
8        android:minSdkVersion="20"
9        android:targetSdkVersion="28" />
10    <!--
11         Flutter needs it to communicate with the running application
12         to allow setting breakpoints, to provide hot reload, etc.
13    -->
14    <!--
15     The INTERNET permission is required for development. Specifically,
16         flutter needs it to communicate with the running application
17         to allow setting breakpoints, to provide hot reload, etc.
18    -->
19    <uses-permission android:name="android.permission.INTERNET" />
19-->src\main\AndroidManifest.xml:7:5-66
19-->src\main\AndroidManifest.xml:7:22-64
20    <uses-permission android:name="android.permission.ACCESS_FINE_LOCATION" />
20-->src\main\AndroidManifest.xml:8:5-79
20-->src\main\AndroidManifest.xml:8:22-76
21    <uses-permission android:name="android.permission.ACCESS_NETWORK_STATE" />
21-->[:connectivity] AndroidManifest.xml:7:5-79
21-->[:connectivity] AndroidManifest.xml:7:22-76
22    <uses-permission android:name="android.permission.ACCESS_WIFI_STATE" />
22-->[:connectivity] AndroidManifest.xml:8:5-76
22-->[:connectivity] AndroidManifest.xml:8:22-73
23    <uses-permission android:name="android.permission.ACCESS_COARSE_LOCATION" />
23-->[:location] AndroidManifest.xml:7:5-81
23-->[:location] AndroidManifest.xml:7:22-78
24
25    <uses-feature
25-->[com.mapbox.mapboxsdk:mapbox-android-sdk:9.2.0] AndroidManifest.xml:9:5-11:35
26        android:glEsVersion="0x00020000"
26-->[com.mapbox.mapboxsdk:mapbox-android-sdk:9.2.0] AndroidManifest.xml:10:9-41
27        android:required="true" />
27-->[com.mapbox.mapboxsdk:mapbox-android-sdk:9.2.0] AndroidManifest.xml:11:9-32
28    <uses-feature
28-->[com.mapbox.mapboxsdk:mapbox-android-sdk:9.2.0] AndroidManifest.xml:12:5-14:36
29        android:name="android.hardware.wifi"
29-->[com.mapbox.mapboxsdk:mapbox-android-sdk:9.2.0] AndroidManifest.xml:13:9-45
30        android:required="false" /> <!-- Required for CrashReporterJobIntentService on API levels below 25 -->
30-->[com.mapbox.mapboxsdk:mapbox-android-sdk:9.2.0] AndroidManifest.xml:14:9-33
31    <uses-permission android:name="android.permission.WAKE_LOCK" />
31-->[com.mapbox.mapboxsdk:mapbox-android-telemetry:5.0.1] AndroidManifest.xml:12:5-68
31-->[com.mapbox.mapboxsdk:mapbox-android-telemetry:5.0.1] AndroidManifest.xml:12:22-65
32    <!--
33 io.flutter.app.FlutterApplication is an android.app.Application that
34         calls FlutterMain.startInitialization(this); in its onCreate method.
35         In most cases you can leave this as-is, but you if you want to provide
36         additional functionality it is fine to subclass or reimplement
37         FlutterApplication and put your custom class here.
38    -->
39    <application
39-->src\main\AndroidManifest.xml:15:5-46:19
40        android:name="androidx.multidex.MultiDexApplication"
41        android:appComponentFactory="androidx.core.app.CoreComponentFactory"
41-->[androidx.core:core:1.5.0-beta01] AndroidManifest.xml:24:18-86
42        android:debuggable="true"
43        android:icon="@mipmap/ic_launcher"
43-->src\main\AndroidManifest.xml:17:9-43
44        android:label="wemapgl_example"
44-->src\main\AndroidManifest.xml:16:9-40
45        android:theme="@style/Theme.AppCompat.Light.NoActionBar" >
45-->[:stripe_payment] AndroidManifest.xml:11:18-74
46        <activity
46-->src\main\AndroidManifest.xml:18:9-45:20
47            android:name="asia.wemap.wemapgl.test.MainActivity"
47-->src\main\AndroidManifest.xml:19:13-41
48            android:configChanges="orientation|keyboardHidden|keyboard|screenSize|locale|layoutDirection|fontScale|screenLayout|density"
48-->src\main\AndroidManifest.xml:22:13-137
49            android:hardwareAccelerated="true"
49-->src\main\AndroidManifest.xml:23:13-47
50            android:launchMode="singleTop"
50-->src\main\AndroidManifest.xml:20:13-43
51            android:theme="@style/LaunchTheme"
51-->src\main\AndroidManifest.xml:21:13-47
52            android:windowSoftInputMode="adjustResize" >
52-->src\main\AndroidManifest.xml:24:13-55
53
54            <!--
55                 This keeps the window background of the activity showing
56                 until Flutter renders its first frame. It can be removed if
57                 there is no splash screen (such as the default splash screen
58                 defined in @style/LaunchTheme).
59            -->
60            <intent-filter>
60-->src\main\AndroidManifest.xml:29:13-32:29
61                <action android:name="android.intent.action.MAIN" />
61-->src\main\AndroidManifest.xml:30:17-68
61-->src\main\AndroidManifest.xml:30:25-66
62
63                <category android:name="android.intent.category.LAUNCHER" />
63-->src\main\AndroidManifest.xml:31:17-76
63-->src\main\AndroidManifest.xml:31:27-74
64            </intent-filter>
65
66            <meta-data
66-->src\main\AndroidManifest.xml:33:13-35:66
67                android:name="io.flutter.embedding.android.SplashScreenDrawable"
67-->src\main\AndroidManifest.xml:34:17-81
68                android:resource="@drawable/launch_background" />
68-->src\main\AndroidManifest.xml:35:17-63
69
70            <!-- Theme to apply as soon as Flutter begins rendering frames -->
71            <meta-data
71-->src\main\AndroidManifest.xml:38:13-41:19
72                android:name="io.flutter.embedding.android.NormalTheme"
72-->src\main\AndroidManifest.xml:39:17-72
73                android:resource="@style/NormalTheme" />
73-->src\main\AndroidManifest.xml:40:17-54
74            <meta-data
74-->src\main\AndroidManifest.xml:42:17-44:41
75                android:name="flutterEmbedding"
75-->src\main\AndroidManifest.xml:43:21-52
76                android:value="2" />
76-->src\main\AndroidManifest.xml:44:21-38
77        </activity>
78
79        <service
79-->[:firebase_auth] AndroidManifest.xml:8:9-12:19
80            android:name="com.google.firebase.components.ComponentDiscoveryService"
80-->[:firebase_auth] AndroidManifest.xml:8:18-89
81            android:directBootAware="true"
81-->[com.google.firebase:firebase-common:20.0.0] AndroidManifest.xml:35:13-43
82            android:exported="false" >
82-->[com.google.firebase:firebase-auth:21.0.1] AndroidManifest.xml:76:13-37
83            <meta-data
83-->[:firebase_auth] AndroidManifest.xml:9:13-11:85
84                android:name="com.google.firebase.components:io.flutter.plugins.firebaseauth.FlutterFirebaseAppRegistrar"
84-->[:firebase_auth] AndroidManifest.xml:10:17-122
85                android:value="com.google.firebase.components.ComponentRegistrar" />
85-->[:firebase_auth] AndroidManifest.xml:11:17-82
86            <meta-data
86-->[:cloud_firestore] AndroidManifest.xml:9:13-11:85
87                android:name="com.google.firebase.components:io.flutter.plugins.firebase.cloudfirestore.FlutterFirebaseAppRegistrar"
87-->[:cloud_firestore] AndroidManifest.xml:10:17-133
88                android:value="com.google.firebase.components.ComponentRegistrar" />
88-->[:cloud_firestore] AndroidManifest.xml:11:17-82
89            <meta-data
89-->[:firebase_core] AndroidManifest.xml:9:13-11:85
90                android:name="com.google.firebase.components:io.flutter.plugins.firebase.core.FlutterFirebaseAppRegistrar"
90-->[:firebase_core] AndroidManifest.xml:10:17-123
91                android:value="com.google.firebase.components.ComponentRegistrar" />
91-->[:firebase_core] AndroidManifest.xml:11:17-82
92            <meta-data
92-->[com.google.firebase:firebase-auth:21.0.1] AndroidManifest.xml:77:13-79:85
93                android:name="com.google.firebase.components:com.google.firebase.auth.FirebaseAuthRegistrar"
93-->[com.google.firebase:firebase-auth:21.0.1] AndroidManifest.xml:78:17-109
94                android:value="com.google.firebase.components.ComponentRegistrar" />
94-->[com.google.firebase:firebase-auth:21.0.1] AndroidManifest.xml:79:17-82
95            <meta-data
95-->[com.google.firebase:firebase-firestore:23.0.1] AndroidManifest.xml:20:13-22:85
96                android:name="com.google.firebase.components:com.google.firebase.firestore.FirestoreRegistrar"
96-->[com.google.firebase:firebase-firestore:23.0.1] AndroidManifest.xml:21:17-111
97                android:value="com.google.firebase.components.ComponentRegistrar" />
97-->[com.google.firebase:firebase-firestore:23.0.1] AndroidManifest.xml:22:17-82
98        </service>
99
100        <activity
100-->[:url_launcher] AndroidManifest.xml:8:9-11:74
101            android:name="io.flutter.plugins.urllauncher.WebViewActivity"
101-->[:url_launcher] AndroidManifest.xml:9:13-74
102            android:exported="false"
102-->[:url_launcher] AndroidManifest.xml:10:13-37
103            android:theme="@android:style/Theme.NoTitleBar.Fullscreen" />
103-->[:url_launcher] AndroidManifest.xml:11:13-71
104
105        <meta-data
105-->[:stripe_payment] AndroidManifest.xml:12:9-14:36
106            android:name="com.google.android.gms.wallet.api.enabled"
106-->[:stripe_payment] AndroidManifest.xml:13:13-69
107            android:value="true" />
107-->[:stripe_payment] AndroidManifest.xml:14:13-33
108
109        <activity
109-->[:stripe_payment] AndroidManifest.xml:16:9-20:75
110            android:name="com.gettipsi.stripe.OpenBrowserActivity"
110-->[:stripe_payment] AndroidManifest.xml:17:13-67
111            android:exported="false"
111-->[:stripe_payment] AndroidManifest.xml:18:13-37
112            android:launchMode="singleTask"
112-->[:stripe_payment] AndroidManifest.xml:19:13-44
113            android:theme="@android:style/Theme.Translucent.NoTitleBar" />
113-->[:stripe_payment] AndroidManifest.xml:20:13-72
114        <activity
114-->[:stripe_payment] AndroidManifest.xml:21:9-34:20
115            android:name="com.gettipsi.stripe.RedirectUriReceiver"
115-->[:stripe_payment] AndroidManifest.xml:22:13-67
116            android:exported="true"
116-->[:stripe_payment] AndroidManifest.xml:23:13-36
117            android:launchMode="singleTask"
117-->[:stripe_payment] AndroidManifest.xml:24:13-44
118            android:theme="@android:style/Theme.Translucent.NoTitleBar.Fullscreen" >
118-->[:stripe_payment] AndroidManifest.xml:25:13-83
119            <intent-filter>
119-->[:stripe_payment] AndroidManifest.xml:26:13-33:29
120                <action android:name="android.intent.action.VIEW" />
120-->[:stripe_payment] AndroidManifest.xml:27:17-69
120-->[:stripe_payment] AndroidManifest.xml:27:25-66
121
122                <category android:name="android.intent.category.DEFAULT" />
122-->[:stripe_payment] AndroidManifest.xml:29:17-76
122-->[:stripe_payment] AndroidManifest.xml:29:27-73
123                <category android:name="android.intent.category.BROWSABLE" />
123-->[:stripe_payment] AndroidManifest.xml:30:17-78
123-->[:stripe_payment] AndroidManifest.xml:30:27-75
124
125                <data android:scheme="example" />
125-->[:stripe_payment] AndroidManifest.xml:32:17-50
125-->[:stripe_payment] AndroidManifest.xml:32:23-47
126            </intent-filter>
127        </activity>
128        <activity
128-->[com.stripe:stripe-android:10.4.6] AndroidManifest.xml:12:9-14:57
129            android:name="com.stripe.android.view.AddPaymentMethodActivity"
129-->[com.stripe:stripe-android:10.4.6] AndroidManifest.xml:13:13-76
130            android:theme="@style/StripeDefaultTheme" />
130-->[com.stripe:stripe-android:10.4.6] AndroidManifest.xml:14:13-54
131        <activity
131-->[com.stripe:stripe-android:10.4.6] AndroidManifest.xml:15:9-17:57
132            android:name="com.stripe.android.view.PaymentMethodsActivity"
132-->[com.stripe:stripe-android:10.4.6] AndroidManifest.xml:16:13-74
133            android:theme="@style/StripeDefaultTheme" />
133-->[com.stripe:stripe-android:10.4.6] AndroidManifest.xml:17:13-54
134        <activity
134-->[com.stripe:stripe-android:10.4.6] AndroidManifest.xml:18:9-20:57
135            android:name="com.stripe.android.view.PaymentFlowActivity"
135-->[com.stripe:stripe-android:10.4.6] AndroidManifest.xml:19:13-71
136            android:theme="@style/StripeDefaultTheme" />
136-->[com.stripe:stripe-android:10.4.6] AndroidManifest.xml:20:13-54
137        <activity
137-->[com.stripe:stripe-android:10.4.6] AndroidManifest.xml:21:9-23:57
138            android:name="com.stripe.android.view.PaymentAuthWebViewActivity"
138-->[com.stripe:stripe-android:10.4.6] AndroidManifest.xml:22:13-78
139            android:theme="@style/StripeDefaultTheme" />
139-->[com.stripe:stripe-android:10.4.6] AndroidManifest.xml:23:13-54
140        <activity
140-->[com.stripe:stripe-android:10.4.6] AndroidManifest.xml:24:9-26:57
141            android:name="com.stripe.android.view.PaymentRelayActivity"
141-->[com.stripe:stripe-android:10.4.6] AndroidManifest.xml:25:13-72
142            android:theme="@style/StripeDefaultTheme" />
142-->[com.stripe:stripe-android:10.4.6] AndroidManifest.xml:26:13-54
143        <activity
143-->[com.stripe:stripe-3ds2-android:1.2.2] AndroidManifest.xml:12:9-14:54
144            android:name="com.stripe.android.stripe3ds2.views.ChallengeActivity"
144-->[com.stripe:stripe-3ds2-android:1.2.2] AndroidManifest.xml:13:13-81
145            android:theme="@style/Stripe3DS2Theme" />
145-->[com.stripe:stripe-3ds2-android:1.2.2] AndroidManifest.xml:14:13-51
146        <activity
146-->[com.stripe:stripe-3ds2-android:1.2.2] AndroidManifest.xml:15:9-17:54
147            android:name="com.stripe.android.stripe3ds2.views.ChallengeProgressDialogActivity"
147-->[com.stripe:stripe-3ds2-android:1.2.2] AndroidManifest.xml:16:13-95
148            android:theme="@style/Stripe3DS2Theme" />
148-->[com.stripe:stripe-3ds2-android:1.2.2] AndroidManifest.xml:17:13-51
149        <activity
149-->[com.google.firebase:firebase-auth:21.0.1] AndroidManifest.xml:27:9-44:20
150            android:name="com.google.firebase.auth.internal.GenericIdpActivity"
150-->[com.google.firebase:firebase-auth:21.0.1] AndroidManifest.xml:28:13-80
151            android:excludeFromRecents="true"
151-->[com.google.firebase:firebase-auth:21.0.1] AndroidManifest.xml:29:13-46
152            android:exported="true"
152-->[com.google.firebase:firebase-auth:21.0.1] AndroidManifest.xml:30:13-36
153            android:launchMode="singleTask"
153-->[com.google.firebase:firebase-auth:21.0.1] AndroidManifest.xml:31:13-44
154            android:theme="@android:style/Theme.Translucent.NoTitleBar" >
154-->[com.google.firebase:firebase-auth:21.0.1] AndroidManifest.xml:32:13-72
155            <intent-filter>
155-->[com.google.firebase:firebase-auth:21.0.1] AndroidManifest.xml:33:13-43:29
156                <action android:name="android.intent.action.VIEW" />
156-->[:stripe_payment] AndroidManifest.xml:27:17-69
156-->[:stripe_payment] AndroidManifest.xml:27:25-66
157
158                <category android:name="android.intent.category.DEFAULT" />
158-->[:stripe_payment] AndroidManifest.xml:29:17-76
158-->[:stripe_payment] AndroidManifest.xml:29:27-73
159                <category android:name="android.intent.category.BROWSABLE" />
159-->[:stripe_payment] AndroidManifest.xml:30:17-78
159-->[:stripe_payment] AndroidManifest.xml:30:27-75
160
161                <data
161-->[:stripe_payment] AndroidManifest.xml:32:17-50
162                    android:host="firebase.auth"
163                    android:path="/"
164                    android:scheme="genericidp" />
164-->[:stripe_payment] AndroidManifest.xml:32:23-47
165            </intent-filter>
166        </activity>
167        <activity
167-->[com.google.firebase:firebase-auth:21.0.1] AndroidManifest.xml:45:9-62:20
168            android:name="com.google.firebase.auth.internal.RecaptchaActivity"
168-->[com.google.firebase:firebase-auth:21.0.1] AndroidManifest.xml:46:13-79
169            android:excludeFromRecents="true"
169-->[com.google.firebase:firebase-auth:21.0.1] AndroidManifest.xml:47:13-46
170            android:exported="true"
170-->[com.google.firebase:firebase-auth:21.0.1] AndroidManifest.xml:48:13-36
171            android:launchMode="singleTask"
171-->[com.google.firebase:firebase-auth:21.0.1] AndroidManifest.xml:49:13-44
172            android:theme="@android:style/Theme.Translucent.NoTitleBar" >
172-->[com.google.firebase:firebase-auth:21.0.1] AndroidManifest.xml:50:13-72
173            <intent-filter>
173-->[com.google.firebase:firebase-auth:21.0.1] AndroidManifest.xml:51:13-61:29
174                <action android:name="android.intent.action.VIEW" />
174-->[:stripe_payment] AndroidManifest.xml:27:17-69
174-->[:stripe_payment] AndroidManifest.xml:27:25-66
175
176                <category android:name="android.intent.category.DEFAULT" />
176-->[:stripe_payment] AndroidManifest.xml:29:17-76
176-->[:stripe_payment] AndroidManifest.xml:29:27-73
177                <category android:name="android.intent.category.BROWSABLE" />
177-->[:stripe_payment] AndroidManifest.xml:30:17-78
177-->[:stripe_payment] AndroidManifest.xml:30:27-75
178
179                <data
179-->[:stripe_payment] AndroidManifest.xml:32:17-50
180                    android:host="firebase.auth"
181                    android:path="/"
182                    android:scheme="recaptcha" />
182-->[:stripe_payment] AndroidManifest.xml:32:23-47
183            </intent-filter>
184        </activity>
185
186        <service
186-->[com.google.firebase:firebase-auth:21.0.1] AndroidManifest.xml:64:9-73:19
187            android:name="com.google.firebase.auth.api.fallback.service.FirebaseAuthFallbackService"
187-->[com.google.firebase:firebase-auth:21.0.1] AndroidManifest.xml:65:13-101
188            android:enabled="true"
188-->[com.google.firebase:firebase-auth:21.0.1] AndroidManifest.xml:66:13-35
189            android:exported="false" >
189-->[com.google.firebase:firebase-auth:21.0.1] AndroidManifest.xml:67:13-37
190            <intent-filter>
190-->[com.google.firebase:firebase-auth:21.0.1] AndroidManifest.xml:68:13-72:29
191                <action android:name="com.google.firebase.auth.api.gms.service.START" />
191-->[com.google.firebase:firebase-auth:21.0.1] AndroidManifest.xml:69:17-89
191-->[com.google.firebase:firebase-auth:21.0.1] AndroidManifest.xml:69:25-86
192
193                <category android:name="android.intent.category.DEFAULT" />
193-->[:stripe_payment] AndroidManifest.xml:29:17-76
193-->[:stripe_payment] AndroidManifest.xml:29:27-73
194            </intent-filter>
195        </service> <!-- Needs to be explicitly declared on P+ -->
196        <uses-library
196-->[com.google.android.gms:play-services-maps:17.0.0] AndroidManifest.xml:33:9-35:40
197            android:name="org.apache.http.legacy"
197-->[com.google.android.gms:play-services-maps:17.0.0] AndroidManifest.xml:34:13-50
198            android:required="false" />
198-->[com.google.android.gms:play-services-maps:17.0.0] AndroidManifest.xml:35:13-37
199
200        <activity
200-->[com.google.android.gms:play-services-base:17.1.0] AndroidManifest.xml:23:9-26:75
201            android:name="com.google.android.gms.common.api.GoogleApiActivity"
201-->[com.google.android.gms:play-services-base:17.1.0] AndroidManifest.xml:24:13-79
202            android:exported="false"
202-->[com.google.android.gms:play-services-base:17.1.0] AndroidManifest.xml:25:13-37
203            android:theme="@android:style/Theme.Translucent.NoTitleBar" />
203-->[com.google.android.gms:play-services-base:17.1.0] AndroidManifest.xml:26:13-72
204
205        <provider
205-->[com.google.firebase:firebase-common:20.0.0] AndroidManifest.xml:26:9-31:39
206            android:name="com.google.firebase.provider.FirebaseInitProvider"
206-->[com.google.firebase:firebase-common:20.0.0] AndroidManifest.xml:27:13-77
207            android:authorities="asia.wemap.wemapgl.test.firebaseinitprovider"
207-->[com.google.firebase:firebase-common:20.0.0] AndroidManifest.xml:28:13-72
208            android:directBootAware="true"
208-->[com.google.firebase:firebase-common:20.0.0] AndroidManifest.xml:29:13-43
209            android:exported="false"
209-->[com.google.firebase:firebase-common:20.0.0] AndroidManifest.xml:30:13-37
210            android:initOrder="100" />
210-->[com.google.firebase:firebase-common:20.0.0] AndroidManifest.xml:31:13-36
211
212        <meta-data
212-->[com.google.android.gms:play-services-basement:17.1.0] AndroidManifest.xml:23:9-25:69
213            android:name="com.google.android.gms.version"
213-->[com.google.android.gms:play-services-basement:17.1.0] AndroidManifest.xml:24:13-58
214            android:value="@integer/google_play_services_version" />
214-->[com.google.android.gms:play-services-basement:17.1.0] AndroidManifest.xml:25:13-66
215
216        <provider
216-->[com.mapbox.mapboxsdk:mapbox-android-telemetry:5.0.1] AndroidManifest.xml:18:9-22:39
217            android:name="com.mapbox.android.telemetry.provider.MapboxTelemetryInitProvider"
217-->[com.mapbox.mapboxsdk:mapbox-android-telemetry:5.0.1] AndroidManifest.xml:19:13-93
218            android:authorities="asia.wemap.wemapgl.test.mapboxtelemetryinitprovider"
218-->[com.mapbox.mapboxsdk:mapbox-android-telemetry:5.0.1] AndroidManifest.xml:20:13-79
219            android:exported="false"
219-->[com.mapbox.mapboxsdk:mapbox-android-telemetry:5.0.1] AndroidManifest.xml:21:13-37
220            android:initOrder="100" />
220-->[com.mapbox.mapboxsdk:mapbox-android-telemetry:5.0.1] AndroidManifest.xml:22:13-36
221
222        <service
222-->[com.mapbox.mapboxsdk:mapbox-android-telemetry:5.0.1] AndroidManifest.xml:24:9-26:72
223            android:name="com.mapbox.android.telemetry.errors.ErrorReporterJobIntentService"
223-->[com.mapbox.mapboxsdk:mapbox-android-telemetry:5.0.1] AndroidManifest.xml:25:13-93
224            android:permission="android.permission.BIND_JOB_SERVICE" />
224-->[com.mapbox.mapboxsdk:mapbox-android-telemetry:5.0.1] AndroidManifest.xml:26:13-69
225    </application>
226
227</manifest>